<?xml version="1.0" encoding="UTF-8"?>
<robot generator="Robot 6.1.1 (Python 3.12.0 on linux)" generated="20231120 20:03:13.870" rpa="false" schemaversion="4">
<suite id="s1" name="Tests" source="/home/lassisav/palautusrepositorio/viikko3/web-login/src/tests">
<suite id="s1-s1" name="Home" source="/home/lassisav/palautusrepositorio/viikko3/web-login/src/tests/home.robot">
<kw name="Open And Configure Browser" library="resource" type="SETUP">
<kw name="Evaluate" library="BuiltIn">
<var>${options}</var>
<arg>sys.modules['selenium.webdriver'].FirefoxOptions()</arg>
<arg>sys</arg>
<doc>Evaluates the given expression in Python and returns the result.</doc>
<msg timestamp="20231120 20:03:14.083" level="INFO">${options} = &lt;selenium.webdriver.firefox.options.Options object at 0x7f1acc1083b0&gt;</msg>
<status status="PASS" starttime="20231120 20:03:14.083" endtime="20231120 20:03:14.083"/>
</kw>
<kw name="Call Method" library="BuiltIn">
<arg>${options}</arg>
<arg>add_argument</arg>
<arg>--no-sandbox</arg>
<doc>Calls the named method of the given object with the provided arguments.</doc>
<status status="PASS" starttime="20231120 20:03:14.084" endtime="20231120 20:03:14.084"/>
</kw>
<kw name="Open Browser" library="SeleniumLibrary">
<arg>browser=chrome</arg>
<arg>options=${options}</arg>
<doc>Opens a new browser instance to the optional ``url``.</doc>
<msg timestamp="20231120 20:03:14.084" level="INFO">Opening browser 'chrome' to base url 'None'.</msg>
<status status="PASS" starttime="20231120 20:03:14.084" endtime="20231120 20:03:18.460"/>
</kw>
<kw name="Set Selenium Speed" library="SeleniumLibrary">
<arg>${DELAY}</arg>
<doc>Sets the delay that is waited after each Selenium command.</doc>
<status status="PASS" starttime="20231120 20:03:18.460" endtime="20231120 20:03:18.461"/>
</kw>
<status status="PASS" starttime="20231120 20:03:14.083" endtime="20231120 20:03:18.461"/>
</kw>
<test id="s1-s1-t1" name="Click Login Link" line="8">
<kw name="Go To Starting Page" library="resource" type="SETUP">
<kw name="Go To" library="SeleniumLibrary">
<arg>${HOME_URL}</arg>
<doc>Navigates the current browser window to the provided ``url``.</doc>
<msg timestamp="20231120 20:03:18.462" level="INFO">Opening url 'http://localhost:5001'</msg>
<status status="PASS" starttime="20231120 20:03:18.462" endtime="20231120 20:03:19.089"/>
</kw>
<status status="PASS" starttime="20231120 20:03:18.462" endtime="20231120 20:03:19.089"/>
</kw>
<kw name="Click Link" library="SeleniumLibrary">
<arg>Login</arg>
<doc>Clicks a link identified by ``locator``.</doc>
<msg timestamp="20231120 20:03:19.090" level="INFO">Clicking link 'Login'.</msg>
<status status="PASS" starttime="20231120 20:03:19.089" endtime="20231120 20:03:20.663"/>
</kw>
<kw name="Login Page Should Be Open" library="resource">
<kw name="Title Should Be" library="SeleniumLibrary">
<arg>Login</arg>
<doc>Verifies that the current page title equals ``title``.</doc>
<msg timestamp="20231120 20:03:21.165" level="INFO">Page title is 'Login'.</msg>
<status status="PASS" starttime="20231120 20:03:20.663" endtime="20231120 20:03:21.165"/>
</kw>
<status status="PASS" starttime="20231120 20:03:20.663" endtime="20231120 20:03:21.165"/>
</kw>
<status status="PASS" starttime="20231120 20:03:18.461" endtime="20231120 20:03:21.165"/>
</test>
<test id="s1-s1-t2" name="Click Register Link" line="12">
<kw name="Go To Starting Page" library="resource" type="SETUP">
<kw name="Go To" library="SeleniumLibrary">
<arg>${HOME_URL}</arg>
<doc>Navigates the current browser window to the provided ``url``.</doc>
<msg timestamp="20231120 20:03:21.166" level="INFO">Opening url 'http://localhost:5001'</msg>
<status status="PASS" starttime="20231120 20:03:21.166" endtime="20231120 20:03:21.697"/>
</kw>
<status status="PASS" starttime="20231120 20:03:21.166" endtime="20231120 20:03:21.697"/>
</kw>
<kw name="Click Link" library="SeleniumLibrary">
<arg>Register new user</arg>
<doc>Clicks a link identified by ``locator``.</doc>
<msg timestamp="20231120 20:03:21.697" level="INFO">Clicking link 'Register new user'.</msg>
<status status="PASS" starttime="20231120 20:03:21.697" endtime="20231120 20:03:23.242"/>
</kw>
<kw name="Register Page Should Be Open" library="resource">
<kw name="Title Should Be" library="SeleniumLibrary">
<arg>Register</arg>
<doc>Verifies that the current page title equals ``title``.</doc>
<msg timestamp="20231120 20:03:23.744" level="INFO">Page title is 'Register'.</msg>
<status status="PASS" starttime="20231120 20:03:23.242" endtime="20231120 20:03:23.744"/>
</kw>
<status status="PASS" starttime="20231120 20:03:23.242" endtime="20231120 20:03:23.744"/>
</kw>
<status status="PASS" starttime="20231120 20:03:21.165" endtime="20231120 20:03:23.744"/>
</test>
<kw name="Close Browser" library="SeleniumLibrary" type="TEARDOWN">
<doc>Closes the current browser.</doc>
<status status="PASS" starttime="20231120 20:03:23.745" endtime="20231120 20:03:24.734"/>
</kw>
<status status="PASS" starttime="20231120 20:03:13.884" endtime="20231120 20:03:24.734"/>
</suite>
<suite id="s1-s2" name="Login" source="/home/lassisav/palautusrepositorio/viikko3/web-login/src/tests/login.robot">
<kw name="Open And Configure Browser" library="resource" type="SETUP">
<kw name="Evaluate" library="BuiltIn">
<var>${options}</var>
<arg>sys.modules['selenium.webdriver'].FirefoxOptions()</arg>
<arg>sys</arg>
<doc>Evaluates the given expression in Python and returns the result.</doc>
<msg timestamp="20231120 20:03:24.738" level="INFO">${options} = &lt;selenium.webdriver.firefox.options.Options object at 0x7f1acc10a870&gt;</msg>
<status status="PASS" starttime="20231120 20:03:24.738" endtime="20231120 20:03:24.738"/>
</kw>
<kw name="Call Method" library="BuiltIn">
<arg>${options}</arg>
<arg>add_argument</arg>
<arg>--no-sandbox</arg>
<doc>Calls the named method of the given object with the provided arguments.</doc>
<status status="PASS" starttime="20231120 20:03:24.738" endtime="20231120 20:03:24.738"/>
</kw>
<kw name="Open Browser" library="SeleniumLibrary">
<arg>browser=chrome</arg>
<arg>options=${options}</arg>
<doc>Opens a new browser instance to the optional ``url``.</doc>
<msg timestamp="20231120 20:03:24.738" level="INFO">Opening browser 'chrome' to base url 'None'.</msg>
<status status="PASS" starttime="20231120 20:03:24.738" endtime="20231120 20:03:27.288"/>
</kw>
<kw name="Set Selenium Speed" library="SeleniumLibrary">
<arg>${DELAY}</arg>
<doc>Sets the delay that is waited after each Selenium command.</doc>
<status status="PASS" starttime="20231120 20:03:27.288" endtime="20231120 20:03:27.288"/>
</kw>
<status status="PASS" starttime="20231120 20:03:24.738" endtime="20231120 20:03:27.289"/>
</kw>
<test id="s1-s2-t1" name="Login With Correct Credentials" line="8">
<kw name="Create User And Go To Login Page" type="SETUP">
<kw name="Create User" library="AppLibrary">
<arg>kalle</arg>
<arg>kalle123</arg>
<status status="PASS" starttime="20231120 20:03:27.289" endtime="20231120 20:03:27.297"/>
</kw>
<kw name="Go To Login Page" library="resource">
<kw name="Go To" library="SeleniumLibrary">
<arg>${LOGIN_URL}</arg>
<doc>Navigates the current browser window to the provided ``url``.</doc>
<msg timestamp="20231120 20:03:27.298" level="INFO">Opening url 'http://localhost:5001/login'</msg>
<status status="PASS" starttime="20231120 20:03:27.298" endtime="20231120 20:03:27.886"/>
</kw>
<status status="PASS" starttime="20231120 20:03:27.297" endtime="20231120 20:03:27.886"/>
</kw>
<kw name="Login Page Should Be Open" library="resource">
<kw name="Title Should Be" library="SeleniumLibrary">
<arg>Login</arg>
<doc>Verifies that the current page title equals ``title``.</doc>
<msg timestamp="20231120 20:03:28.388" level="INFO">Page title is 'Login'.</msg>
<status status="PASS" starttime="20231120 20:03:27.887" endtime="20231120 20:03:28.388"/>
</kw>
<status status="PASS" starttime="20231120 20:03:27.886" endtime="20231120 20:03:28.389"/>
</kw>
<status status="PASS" starttime="20231120 20:03:27.289" endtime="20231120 20:03:28.389"/>
</kw>
<kw name="Set Username">
<arg>kalle</arg>
<kw name="Input Text" library="SeleniumLibrary">
<arg>username</arg>
<arg>${username}</arg>
<doc>Types the given ``text`` into the text field identified by ``locator``.</doc>
<msg timestamp="20231120 20:03:28.389" level="INFO">Typing text 'kalle' into text field 'username'.</msg>
<status status="PASS" starttime="20231120 20:03:28.389" endtime="20231120 20:03:29.929"/>
</kw>
<status status="PASS" starttime="20231120 20:03:28.389" endtime="20231120 20:03:29.929"/>
</kw>
<kw name="Set Password">
<arg>kalle123</arg>
<kw name="Input Password" library="SeleniumLibrary">
<arg>password</arg>
<arg>${password}</arg>
<doc>Types the given password into the text field identified by ``locator``.</doc>
<msg timestamp="20231120 20:03:29.930" level="INFO">Typing password into text field 'password'.</msg>
<msg timestamp="20231120 20:03:30.936" level="INFO">Temporally setting log level to: NONE</msg>
<msg timestamp="20231120 20:03:31.444" level="INFO">Log level changed from NONE to INFO.</msg>
<status status="PASS" starttime="20231120 20:03:29.930" endtime="20231120 20:03:31.444"/>
</kw>
<status status="PASS" starttime="20231120 20:03:29.929" endtime="20231120 20:03:31.444"/>
</kw>
<kw name="Submit Credentials">
<kw name="Click Button" library="SeleniumLibrary">
<arg>Login</arg>
<doc>Clicks the button identified by ``locator``.</doc>
<msg timestamp="20231120 20:03:31.445" level="INFO">Clicking button 'Login'.</msg>
<status status="PASS" starttime="20231120 20:03:31.444" endtime="20231120 20:03:33.494"/>
</kw>
<status status="PASS" starttime="20231120 20:03:31.444" endtime="20231120 20:03:33.494"/>
</kw>
<kw name="Login Should Succeed">
<kw name="Main Page Should Be Open" library="resource">
<kw name="Title Should Be" library="SeleniumLibrary">
<arg>Ohtu Application main page</arg>
<doc>Verifies that the current page title equals ``title``.</doc>
<msg timestamp="20231120 20:03:33.997" level="INFO">Page title is 'Ohtu Application main page'.</msg>
<status status="PASS" starttime="20231120 20:03:33.495" endtime="20231120 20:03:33.997"/>
</kw>
<status status="PASS" starttime="20231120 20:03:33.495" endtime="20231120 20:03:33.997"/>
</kw>
<status status="PASS" starttime="20231120 20:03:33.494" endtime="20231120 20:03:33.997"/>
</kw>
<status status="PASS" starttime="20231120 20:03:27.289" endtime="20231120 20:03:33.997"/>
</test>
<test id="s1-s2-t2" name="Login With Incorrect Password" line="14">
<kw name="Create User And Go To Login Page" type="SETUP">
<kw name="Create User" library="AppLibrary">
<arg>kalle</arg>
<arg>kalle123</arg>
<status status="PASS" starttime="20231120 20:03:33.998" endtime="20231120 20:03:34.004"/>
</kw>
<kw name="Go To Login Page" library="resource">
<kw name="Go To" library="SeleniumLibrary">
<arg>${LOGIN_URL}</arg>
<doc>Navigates the current browser window to the provided ``url``.</doc>
<msg timestamp="20231120 20:03:34.005" level="INFO">Opening url 'http://localhost:5001/login'</msg>
<status status="PASS" starttime="20231120 20:03:34.005" endtime="20231120 20:03:34.537"/>
</kw>
<status status="PASS" starttime="20231120 20:03:34.004" endtime="20231120 20:03:34.537"/>
</kw>
<kw name="Login Page Should Be Open" library="resource">
<kw name="Title Should Be" library="SeleniumLibrary">
<arg>Login</arg>
<doc>Verifies that the current page title equals ``title``.</doc>
<msg timestamp="20231120 20:03:35.040" level="INFO">Page title is 'Login'.</msg>
<status status="PASS" starttime="20231120 20:03:34.537" endtime="20231120 20:03:35.040"/>
</kw>
<status status="PASS" starttime="20231120 20:03:34.537" endtime="20231120 20:03:35.040"/>
</kw>
<status status="PASS" starttime="20231120 20:03:33.998" endtime="20231120 20:03:35.040"/>
</kw>
<kw name="Set Username">
<arg>kalle</arg>
<kw name="Input Text" library="SeleniumLibrary">
<arg>username</arg>
<arg>${username}</arg>
<doc>Types the given ``text`` into the text field identified by ``locator``.</doc>
<msg timestamp="20231120 20:03:35.041" level="INFO">Typing text 'kalle' into text field 'username'.</msg>
<status status="PASS" starttime="20231120 20:03:35.040" endtime="20231120 20:03:36.561"/>
</kw>
<status status="PASS" starttime="20231120 20:03:35.040" endtime="20231120 20:03:36.561"/>
</kw>
<kw name="Set Password">
<arg>kalle456</arg>
<kw name="Input Password" library="SeleniumLibrary">
<arg>password</arg>
<arg>${password}</arg>
<doc>Types the given password into the text field identified by ``locator``.</doc>
<msg timestamp="20231120 20:03:36.561" level="INFO">Typing password into text field 'password'.</msg>
<msg timestamp="20231120 20:03:37.568" level="INFO">Temporally setting log level to: NONE</msg>
<msg timestamp="20231120 20:03:38.077" level="INFO">Log level changed from NONE to INFO.</msg>
<status status="PASS" starttime="20231120 20:03:36.561" endtime="20231120 20:03:38.077"/>
</kw>
<status status="PASS" starttime="20231120 20:03:36.561" endtime="20231120 20:03:38.077"/>
</kw>
<kw name="Submit Credentials">
<kw name="Click Button" library="SeleniumLibrary">
<arg>Login</arg>
<doc>Clicks the button identified by ``locator``.</doc>
<msg timestamp="20231120 20:03:38.078" level="INFO">Clicking button 'Login'.</msg>
<status status="PASS" starttime="20231120 20:03:38.077" endtime="20231120 20:03:40.125"/>
</kw>
<status status="PASS" starttime="20231120 20:03:38.077" endtime="20231120 20:03:40.125"/>
</kw>
<kw name="Login Should Fail With Message">
<arg>Invalid username or password</arg>
<kw name="Login Page Should Be Open" library="resource">
<kw name="Title Should Be" library="SeleniumLibrary">
<arg>Login</arg>
<doc>Verifies that the current page title equals ``title``.</doc>
<msg timestamp="20231120 20:03:40.627" level="INFO">Page title is 'Login'.</msg>
<status status="PASS" starttime="20231120 20:03:40.125" endtime="20231120 20:03:40.627"/>
</kw>
<status status="PASS" starttime="20231120 20:03:40.125" endtime="20231120 20:03:40.627"/>
</kw>
<kw name="Page Should Contain" library="SeleniumLibrary">
<arg>${message}</arg>
<doc>Verifies that current page contains ``text``.</doc>
<msg timestamp="20231120 20:03:41.634" level="INFO">Current page contains text 'Invalid username or password'.</msg>
<status status="PASS" starttime="20231120 20:03:40.627" endtime="20231120 20:03:41.634"/>
</kw>
<status status="PASS" starttime="20231120 20:03:40.125" endtime="20231120 20:03:41.634"/>
</kw>
<status status="PASS" starttime="20231120 20:03:33.997" endtime="20231120 20:03:41.634"/>
</test>
<test id="s1-s2-t3" name="Login With Nonexistent Username" line="20">
<kw name="Create User And Go To Login Page" type="SETUP">
<kw name="Create User" library="AppLibrary">
<arg>kalle</arg>
<arg>kalle123</arg>
<status status="PASS" starttime="20231120 20:03:41.635" endtime="20231120 20:03:41.641"/>
</kw>
<kw name="Go To Login Page" library="resource">
<kw name="Go To" library="SeleniumLibrary">
<arg>${LOGIN_URL}</arg>
<doc>Navigates the current browser window to the provided ``url``.</doc>
<msg timestamp="20231120 20:03:41.641" level="INFO">Opening url 'http://localhost:5001/login'</msg>
<status status="PASS" starttime="20231120 20:03:41.641" endtime="20231120 20:03:42.167"/>
</kw>
<status status="PASS" starttime="20231120 20:03:41.641" endtime="20231120 20:03:42.167"/>
</kw>
<kw name="Login Page Should Be Open" library="resource">
<kw name="Title Should Be" library="SeleniumLibrary">
<arg>Login</arg>
<doc>Verifies that the current page title equals ``title``.</doc>
<msg timestamp="20231120 20:03:42.669" level="INFO">Page title is 'Login'.</msg>
<status status="PASS" starttime="20231120 20:03:42.167" endtime="20231120 20:03:42.669"/>
</kw>
<status status="PASS" starttime="20231120 20:03:42.167" endtime="20231120 20:03:42.669"/>
</kw>
<status status="PASS" starttime="20231120 20:03:41.635" endtime="20231120 20:03:42.669"/>
</kw>
<kw name="Set Username">
<arg>minni</arg>
<kw name="Input Text" library="SeleniumLibrary">
<arg>username</arg>
<arg>${username}</arg>
<doc>Types the given ``text`` into the text field identified by ``locator``.</doc>
<msg timestamp="20231120 20:03:42.670" level="INFO">Typing text 'minni' into text field 'username'.</msg>
<status status="PASS" starttime="20231120 20:03:42.670" endtime="20231120 20:03:44.186"/>
</kw>
<status status="PASS" starttime="20231120 20:03:42.669" endtime="20231120 20:03:44.186"/>
</kw>
<kw name="Set Password">
<arg>minni123</arg>
<kw name="Input Password" library="SeleniumLibrary">
<arg>password</arg>
<arg>${password}</arg>
<doc>Types the given password into the text field identified by ``locator``.</doc>
<msg timestamp="20231120 20:03:44.187" level="INFO">Typing password into text field 'password'.</msg>
<msg timestamp="20231120 20:03:45.193" level="INFO">Temporally setting log level to: NONE</msg>
<msg timestamp="20231120 20:03:45.700" level="INFO">Log level changed from NONE to INFO.</msg>
<status status="PASS" starttime="20231120 20:03:44.186" endtime="20231120 20:03:45.700"/>
</kw>
<status status="PASS" starttime="20231120 20:03:44.186" endtime="20231120 20:03:45.700"/>
</kw>
<kw name="Submit Credentials">
<kw name="Click Button" library="SeleniumLibrary">
<arg>Login</arg>
<doc>Clicks the button identified by ``locator``.</doc>
<msg timestamp="20231120 20:03:45.701" level="INFO">Clicking button 'Login'.</msg>
<status status="PASS" starttime="20231120 20:03:45.701" endtime="20231120 20:03:47.745"/>
</kw>
<status status="PASS" starttime="20231120 20:03:45.700" endtime="20231120 20:03:47.745"/>
</kw>
<kw name="Login Should Fail With Message">
<arg>Invalid username or password</arg>
<kw name="Login Page Should Be Open" library="resource">
<kw name="Title Should Be" library="SeleniumLibrary">
<arg>Login</arg>
<doc>Verifies that the current page title equals ``title``.</doc>
<msg timestamp="20231120 20:03:48.247" level="INFO">Page title is 'Login'.</msg>
<status status="PASS" starttime="20231120 20:03:47.746" endtime="20231120 20:03:48.247"/>
</kw>
<status status="PASS" starttime="20231120 20:03:47.745" endtime="20231120 20:03:48.248"/>
</kw>
<kw name="Page Should Contain" library="SeleniumLibrary">
<arg>${message}</arg>
<doc>Verifies that current page contains ``text``.</doc>
<msg timestamp="20231120 20:03:49.254" level="INFO">Current page contains text 'Invalid username or password'.</msg>
<status status="PASS" starttime="20231120 20:03:48.248" endtime="20231120 20:03:49.254"/>
</kw>
<status status="PASS" starttime="20231120 20:03:47.745" endtime="20231120 20:03:49.254"/>
</kw>
<status status="PASS" starttime="20231120 20:03:41.634" endtime="20231120 20:03:49.254"/>
</test>
<kw name="Close Browser" library="SeleniumLibrary" type="TEARDOWN">
<doc>Closes the current browser.</doc>
<status status="PASS" starttime="20231120 20:03:49.255" endtime="20231120 20:03:50.237"/>
</kw>
<status status="PASS" starttime="20231120 20:03:24.735" endtime="20231120 20:03:50.237"/>
</suite>
<status status="PASS" starttime="20231120 20:03:13.870" endtime="20231120 20:03:50.238"/>
</suite>
<statistics>
<total>
<stat pass="5" fail="0" skip="0">All Tests</stat>
</total>
<tag>
</tag>
<suite>
<stat pass="5" fail="0" skip="0" id="s1" name="Tests">Tests</stat>
<stat pass="2" fail="0" skip="0" id="s1-s1" name="Home">Tests.Home</stat>
<stat pass="3" fail="0" skip="0" id="s1-s2" name="Login">Tests.Login</stat>
</suite>
</statistics>
<errors>
</errors>
</robot>
