<?xml version="1.0" encoding="UTF-8"?>
<robot generator="Robot 6.1.1 (Python 3.12.0 on linux)" generated="20231120 21:07:21.072" rpa="false" schemaversion="4">
<suite id="s1" name="Tests" source="/home/lassisav/palautusrepositorio/viikko3/web-login/src/tests">
<suite id="s1-s1" name="Home" source="/home/lassisav/palautusrepositorio/viikko3/web-login/src/tests/home.robot">
<kw name="Open And Configure Browser" library="resource" type="SETUP">
<kw name="Evaluate" library="BuiltIn">
<var>${options}</var>
<arg>sys.modules['selenium.webdriver'].FirefoxOptions()</arg>
<arg>sys</arg>
<doc>Evaluates the given expression in Python and returns the result.</doc>
<msg timestamp="20231120 21:07:21.347" level="INFO">${options} = &lt;selenium.webdriver.firefox.options.Options object at 0x7f02b8cf8a70&gt;</msg>
<status status="PASS" starttime="20231120 21:07:21.347" endtime="20231120 21:07:21.347"/>
</kw>
<kw name="Call Method" library="BuiltIn">
<arg>${options}</arg>
<arg>add_argument</arg>
<arg>--no-sandbox</arg>
<doc>Calls the named method of the given object with the provided arguments.</doc>
<status status="PASS" starttime="20231120 21:07:21.347" endtime="20231120 21:07:21.348"/>
</kw>
<kw name="Call Method" library="BuiltIn">
<arg>${options}</arg>
<arg>add_argument</arg>
<arg>--headless</arg>
<doc>Calls the named method of the given object with the provided arguments.</doc>
<status status="PASS" starttime="20231120 21:07:21.348" endtime="20231120 21:07:21.348"/>
</kw>
<kw name="Open Browser" library="SeleniumLibrary">
<arg>browser=chrome</arg>
<arg>options=${options}</arg>
<doc>Opens a new browser instance to the optional ``url``.</doc>
<msg timestamp="20231120 21:07:21.348" level="INFO">Opening browser 'chrome' to base url 'None'.</msg>
<status status="PASS" starttime="20231120 21:07:21.348" endtime="20231120 21:07:25.873"/>
</kw>
<kw name="Set Selenium Speed" library="SeleniumLibrary">
<arg>${DELAY}</arg>
<doc>Sets the delay that is waited after each Selenium command.</doc>
<status status="PASS" starttime="20231120 21:07:25.874" endtime="20231120 21:07:25.874"/>
</kw>
<status status="PASS" starttime="20231120 21:07:21.346" endtime="20231120 21:07:25.874"/>
</kw>
<test id="s1-s1-t1" name="Click Login Link" line="8">
<kw name="Go To Starting Page" library="resource" type="SETUP">
<kw name="Go To" library="SeleniumLibrary">
<arg>${HOME_URL}</arg>
<doc>Navigates the current browser window to the provided ``url``.</doc>
<msg timestamp="20231120 21:07:25.877" level="INFO">Opening url 'http://localhost:5001'</msg>
<status status="PASS" starttime="20231120 21:07:25.876" endtime="20231120 21:07:25.976"/>
</kw>
<status status="PASS" starttime="20231120 21:07:25.876" endtime="20231120 21:07:25.976"/>
</kw>
<kw name="Click Link" library="SeleniumLibrary">
<arg>Login</arg>
<doc>Clicks a link identified by ``locator``.</doc>
<msg timestamp="20231120 21:07:25.977" level="INFO">Clicking link 'Login'.</msg>
<status status="PASS" starttime="20231120 21:07:25.976" endtime="20231120 21:07:26.099"/>
</kw>
<kw name="Login Page Should Be Open" library="resource">
<kw name="Title Should Be" library="SeleniumLibrary">
<arg>Login</arg>
<doc>Verifies that the current page title equals ``title``.</doc>
<msg timestamp="20231120 21:07:26.102" level="INFO">Page title is 'Login'.</msg>
<status status="PASS" starttime="20231120 21:07:26.100" endtime="20231120 21:07:26.102"/>
</kw>
<status status="PASS" starttime="20231120 21:07:26.100" endtime="20231120 21:07:26.102"/>
</kw>
<status status="PASS" starttime="20231120 21:07:25.875" endtime="20231120 21:07:26.102"/>
</test>
<test id="s1-s1-t2" name="Click Register Link" line="12">
<kw name="Go To Starting Page" library="resource" type="SETUP">
<kw name="Go To" library="SeleniumLibrary">
<arg>${HOME_URL}</arg>
<doc>Navigates the current browser window to the provided ``url``.</doc>
<msg timestamp="20231120 21:07:26.105" level="INFO">Opening url 'http://localhost:5001'</msg>
<status status="PASS" starttime="20231120 21:07:26.104" endtime="20231120 21:07:26.142"/>
</kw>
<status status="PASS" starttime="20231120 21:07:26.104" endtime="20231120 21:07:26.142"/>
</kw>
<kw name="Click Link" library="SeleniumLibrary">
<arg>Register new user</arg>
<doc>Clicks a link identified by ``locator``.</doc>
<msg timestamp="20231120 21:07:26.143" level="INFO">Clicking link 'Register new user'.</msg>
<status status="PASS" starttime="20231120 21:07:26.142" endtime="20231120 21:07:26.212"/>
</kw>
<kw name="Register Page Should Be Open" library="resource">
<kw name="Title Should Be" library="SeleniumLibrary">
<arg>Register</arg>
<doc>Verifies that the current page title equals ``title``.</doc>
<msg timestamp="20231120 21:07:26.215" level="INFO">Page title is 'Register'.</msg>
<status status="PASS" starttime="20231120 21:07:26.213" endtime="20231120 21:07:26.215"/>
</kw>
<status status="PASS" starttime="20231120 21:07:26.212" endtime="20231120 21:07:26.215"/>
</kw>
<status status="PASS" starttime="20231120 21:07:26.103" endtime="20231120 21:07:26.215"/>
</test>
<kw name="Close Browser" library="SeleniumLibrary" type="TEARDOWN">
<doc>Closes the current browser.</doc>
<status status="PASS" starttime="20231120 21:07:26.216" endtime="20231120 21:07:27.524"/>
</kw>
<status status="PASS" starttime="20231120 21:07:21.091" endtime="20231120 21:07:27.524"/>
</suite>
<suite id="s1-s2" name="Login" source="/home/lassisav/palautusrepositorio/viikko3/web-login/src/tests/login.robot">
<kw name="Open And Configure Browser" library="resource" type="SETUP">
<kw name="Evaluate" library="BuiltIn">
<var>${options}</var>
<arg>sys.modules['selenium.webdriver'].FirefoxOptions()</arg>
<arg>sys</arg>
<doc>Evaluates the given expression in Python and returns the result.</doc>
<msg timestamp="20231120 21:07:27.528" level="INFO">${options} = &lt;selenium.webdriver.firefox.options.Options object at 0x7f02b8cf9b20&gt;</msg>
<status status="PASS" starttime="20231120 21:07:27.528" endtime="20231120 21:07:27.528"/>
</kw>
<kw name="Call Method" library="BuiltIn">
<arg>${options}</arg>
<arg>add_argument</arg>
<arg>--no-sandbox</arg>
<doc>Calls the named method of the given object with the provided arguments.</doc>
<status status="PASS" starttime="20231120 21:07:27.528" endtime="20231120 21:07:27.528"/>
</kw>
<kw name="Call Method" library="BuiltIn">
<arg>${options}</arg>
<arg>add_argument</arg>
<arg>--headless</arg>
<doc>Calls the named method of the given object with the provided arguments.</doc>
<status status="PASS" starttime="20231120 21:07:27.528" endtime="20231120 21:07:27.529"/>
</kw>
<kw name="Open Browser" library="SeleniumLibrary">
<arg>browser=chrome</arg>
<arg>options=${options}</arg>
<doc>Opens a new browser instance to the optional ``url``.</doc>
<msg timestamp="20231120 21:07:27.529" level="INFO">Opening browser 'chrome' to base url 'None'.</msg>
<status status="PASS" starttime="20231120 21:07:27.529" endtime="20231120 21:07:30.034"/>
</kw>
<kw name="Set Selenium Speed" library="SeleniumLibrary">
<arg>${DELAY}</arg>
<doc>Sets the delay that is waited after each Selenium command.</doc>
<status status="PASS" starttime="20231120 21:07:30.034" endtime="20231120 21:07:30.035"/>
</kw>
<status status="PASS" starttime="20231120 21:07:27.528" endtime="20231120 21:07:30.035"/>
</kw>
<test id="s1-s2-t1" name="Login With Correct Credentials" line="8">
<kw name="Create User And Go To Login Page" type="SETUP">
<kw name="Create User" library="AppLibrary">
<arg>kalle</arg>
<arg>kalle123</arg>
<status status="PASS" starttime="20231120 21:07:30.036" endtime="20231120 21:07:30.051"/>
</kw>
<kw name="Go To Login Page" library="resource">
<kw name="Go To" library="SeleniumLibrary">
<arg>${LOGIN_URL}</arg>
<doc>Navigates the current browser window to the provided ``url``.</doc>
<msg timestamp="20231120 21:07:30.051" level="INFO">Opening url 'http://localhost:5001/login'</msg>
<status status="PASS" starttime="20231120 21:07:30.051" endtime="20231120 21:07:30.163"/>
</kw>
<status status="PASS" starttime="20231120 21:07:30.051" endtime="20231120 21:07:30.163"/>
</kw>
<kw name="Login Page Should Be Open" library="resource">
<kw name="Title Should Be" library="SeleniumLibrary">
<arg>Login</arg>
<doc>Verifies that the current page title equals ``title``.</doc>
<msg timestamp="20231120 21:07:30.173" level="INFO">Page title is 'Login'.</msg>
<status status="PASS" starttime="20231120 21:07:30.164" endtime="20231120 21:07:30.173"/>
</kw>
<status status="PASS" starttime="20231120 21:07:30.164" endtime="20231120 21:07:30.173"/>
</kw>
<status status="PASS" starttime="20231120 21:07:30.036" endtime="20231120 21:07:30.173"/>
</kw>
<kw name="Set Username">
<arg>kalle</arg>
<kw name="Input Text" library="SeleniumLibrary">
<arg>username</arg>
<arg>${username}</arg>
<doc>Types the given ``text`` into the text field identified by ``locator``.</doc>
<msg timestamp="20231120 21:07:30.174" level="INFO">Typing text 'kalle' into text field 'username'.</msg>
<status status="PASS" starttime="20231120 21:07:30.174" endtime="20231120 21:07:30.246"/>
</kw>
<status status="PASS" starttime="20231120 21:07:30.173" endtime="20231120 21:07:30.246"/>
</kw>
<kw name="Set Password">
<arg>kalle123</arg>
<kw name="Input Password" library="SeleniumLibrary">
<arg>password</arg>
<arg>${password}</arg>
<doc>Types the given password into the text field identified by ``locator``.</doc>
<msg timestamp="20231120 21:07:30.247" level="INFO">Typing password into text field 'password'.</msg>
<msg timestamp="20231120 21:07:30.255" level="INFO">Temporally setting log level to: NONE</msg>
<msg timestamp="20231120 21:07:30.269" level="INFO">Log level changed from NONE to INFO.</msg>
<status status="PASS" starttime="20231120 21:07:30.246" endtime="20231120 21:07:30.269"/>
</kw>
<status status="PASS" starttime="20231120 21:07:30.246" endtime="20231120 21:07:30.269"/>
</kw>
<kw name="Submit Credentials">
<kw name="Click Button" library="SeleniumLibrary">
<arg>Login</arg>
<doc>Clicks the button identified by ``locator``.</doc>
<msg timestamp="20231120 21:07:30.270" level="INFO">Clicking button 'Login'.</msg>
<status status="PASS" starttime="20231120 21:07:30.270" endtime="20231120 21:07:30.346"/>
</kw>
<status status="PASS" starttime="20231120 21:07:30.269" endtime="20231120 21:07:30.346"/>
</kw>
<kw name="Login Should Succeed">
<kw name="Main Page Should Be Open" library="resource">
<kw name="Title Should Be" library="SeleniumLibrary">
<arg>Ohtu Application main page</arg>
<doc>Verifies that the current page title equals ``title``.</doc>
<msg timestamp="20231120 21:07:30.349" level="INFO">Page title is 'Ohtu Application main page'.</msg>
<status status="PASS" starttime="20231120 21:07:30.347" endtime="20231120 21:07:30.349"/>
</kw>
<status status="PASS" starttime="20231120 21:07:30.346" endtime="20231120 21:07:30.349"/>
</kw>
<status status="PASS" starttime="20231120 21:07:30.346" endtime="20231120 21:07:30.349"/>
</kw>
<status status="PASS" starttime="20231120 21:07:30.035" endtime="20231120 21:07:30.349"/>
</test>
<test id="s1-s2-t2" name="Login With Incorrect Password" line="14">
<kw name="Create User And Go To Login Page" type="SETUP">
<kw name="Create User" library="AppLibrary">
<arg>kalle</arg>
<arg>kalle123</arg>
<status status="PASS" starttime="20231120 21:07:30.350" endtime="20231120 21:07:30.359"/>
</kw>
<kw name="Go To Login Page" library="resource">
<kw name="Go To" library="SeleniumLibrary">
<arg>${LOGIN_URL}</arg>
<doc>Navigates the current browser window to the provided ``url``.</doc>
<msg timestamp="20231120 21:07:30.360" level="INFO">Opening url 'http://localhost:5001/login'</msg>
<status status="PASS" starttime="20231120 21:07:30.360" endtime="20231120 21:07:30.397"/>
</kw>
<status status="PASS" starttime="20231120 21:07:30.359" endtime="20231120 21:07:30.397"/>
</kw>
<kw name="Login Page Should Be Open" library="resource">
<kw name="Title Should Be" library="SeleniumLibrary">
<arg>Login</arg>
<doc>Verifies that the current page title equals ``title``.</doc>
<msg timestamp="20231120 21:07:30.401" level="INFO">Page title is 'Login'.</msg>
<status status="PASS" starttime="20231120 21:07:30.397" endtime="20231120 21:07:30.401"/>
</kw>
<status status="PASS" starttime="20231120 21:07:30.397" endtime="20231120 21:07:30.401"/>
</kw>
<status status="PASS" starttime="20231120 21:07:30.350" endtime="20231120 21:07:30.401"/>
</kw>
<kw name="Set Username">
<arg>kalle</arg>
<kw name="Input Text" library="SeleniumLibrary">
<arg>username</arg>
<arg>${username}</arg>
<doc>Types the given ``text`` into the text field identified by ``locator``.</doc>
<msg timestamp="20231120 21:07:30.402" level="INFO">Typing text 'kalle' into text field 'username'.</msg>
<status status="PASS" starttime="20231120 21:07:30.402" endtime="20231120 21:07:30.431"/>
</kw>
<status status="PASS" starttime="20231120 21:07:30.401" endtime="20231120 21:07:30.431"/>
</kw>
<kw name="Set Password">
<arg>kalle456</arg>
<kw name="Input Password" library="SeleniumLibrary">
<arg>password</arg>
<arg>${password}</arg>
<doc>Types the given password into the text field identified by ``locator``.</doc>
<msg timestamp="20231120 21:07:30.432" level="INFO">Typing password into text field 'password'.</msg>
<msg timestamp="20231120 21:07:30.441" level="INFO">Temporally setting log level to: NONE</msg>
<msg timestamp="20231120 21:07:30.451" level="INFO">Log level changed from NONE to INFO.</msg>
<status status="PASS" starttime="20231120 21:07:30.432" endtime="20231120 21:07:30.451"/>
</kw>
<status status="PASS" starttime="20231120 21:07:30.431" endtime="20231120 21:07:30.451"/>
</kw>
<kw name="Submit Credentials">
<kw name="Click Button" library="SeleniumLibrary">
<arg>Login</arg>
<doc>Clicks the button identified by ``locator``.</doc>
<msg timestamp="20231120 21:07:30.452" level="INFO">Clicking button 'Login'.</msg>
<status status="PASS" starttime="20231120 21:07:30.452" endtime="20231120 21:07:30.513"/>
</kw>
<status status="PASS" starttime="20231120 21:07:30.452" endtime="20231120 21:07:30.513"/>
</kw>
<kw name="Login Should Fail With Message">
<arg>Invalid username or password</arg>
<kw name="Login Page Should Be Open" library="resource">
<kw name="Title Should Be" library="SeleniumLibrary">
<arg>Login</arg>
<doc>Verifies that the current page title equals ``title``.</doc>
<msg timestamp="20231120 21:07:30.518" level="INFO">Page title is 'Login'.</msg>
<status status="PASS" starttime="20231120 21:07:30.514" endtime="20231120 21:07:30.518"/>
</kw>
<status status="PASS" starttime="20231120 21:07:30.514" endtime="20231120 21:07:30.518"/>
</kw>
<kw name="Page Should Contain" library="SeleniumLibrary">
<arg>${message}</arg>
<doc>Verifies that current page contains ``text``.</doc>
<msg timestamp="20231120 21:07:30.528" level="INFO">Current page contains text 'Invalid username or password'.</msg>
<status status="PASS" starttime="20231120 21:07:30.518" endtime="20231120 21:07:30.529"/>
</kw>
<status status="PASS" starttime="20231120 21:07:30.514" endtime="20231120 21:07:30.529"/>
</kw>
<status status="PASS" starttime="20231120 21:07:30.350" endtime="20231120 21:07:30.529"/>
</test>
<test id="s1-s2-t3" name="Login With Nonexistent Username" line="20">
<kw name="Create User And Go To Login Page" type="SETUP">
<kw name="Create User" library="AppLibrary">
<arg>kalle</arg>
<arg>kalle123</arg>
<status status="PASS" starttime="20231120 21:07:30.530" endtime="20231120 21:07:30.539"/>
</kw>
<kw name="Go To Login Page" library="resource">
<kw name="Go To" library="SeleniumLibrary">
<arg>${LOGIN_URL}</arg>
<doc>Navigates the current browser window to the provided ``url``.</doc>
<msg timestamp="20231120 21:07:30.540" level="INFO">Opening url 'http://localhost:5001/login'</msg>
<status status="PASS" starttime="20231120 21:07:30.540" endtime="20231120 21:07:30.571"/>
</kw>
<status status="PASS" starttime="20231120 21:07:30.539" endtime="20231120 21:07:30.571"/>
</kw>
<kw name="Login Page Should Be Open" library="resource">
<kw name="Title Should Be" library="SeleniumLibrary">
<arg>Login</arg>
<doc>Verifies that the current page title equals ``title``.</doc>
<msg timestamp="20231120 21:07:30.579" level="INFO">Page title is 'Login'.</msg>
<status status="PASS" starttime="20231120 21:07:30.572" endtime="20231120 21:07:30.579"/>
</kw>
<status status="PASS" starttime="20231120 21:07:30.571" endtime="20231120 21:07:30.579"/>
</kw>
<status status="PASS" starttime="20231120 21:07:30.530" endtime="20231120 21:07:30.579"/>
</kw>
<kw name="Set Username">
<arg>minni</arg>
<kw name="Input Text" library="SeleniumLibrary">
<arg>username</arg>
<arg>${username}</arg>
<doc>Types the given ``text`` into the text field identified by ``locator``.</doc>
<msg timestamp="20231120 21:07:30.581" level="INFO">Typing text 'minni' into text field 'username'.</msg>
<status status="PASS" starttime="20231120 21:07:30.580" endtime="20231120 21:07:30.600"/>
</kw>
<status status="PASS" starttime="20231120 21:07:30.580" endtime="20231120 21:07:30.600"/>
</kw>
<kw name="Set Password">
<arg>minni123</arg>
<kw name="Input Password" library="SeleniumLibrary">
<arg>password</arg>
<arg>${password}</arg>
<doc>Types the given password into the text field identified by ``locator``.</doc>
<msg timestamp="20231120 21:07:30.602" level="INFO">Typing password into text field 'password'.</msg>
<msg timestamp="20231120 21:07:30.610" level="INFO">Temporally setting log level to: NONE</msg>
<msg timestamp="20231120 21:07:30.624" level="INFO">Log level changed from NONE to INFO.</msg>
<status status="PASS" starttime="20231120 21:07:30.601" endtime="20231120 21:07:30.624"/>
</kw>
<status status="PASS" starttime="20231120 21:07:30.600" endtime="20231120 21:07:30.624"/>
</kw>
<kw name="Submit Credentials">
<kw name="Click Button" library="SeleniumLibrary">
<arg>Login</arg>
<doc>Clicks the button identified by ``locator``.</doc>
<msg timestamp="20231120 21:07:30.625" level="INFO">Clicking button 'Login'.</msg>
<status status="PASS" starttime="20231120 21:07:30.625" endtime="20231120 21:07:30.672"/>
</kw>
<status status="PASS" starttime="20231120 21:07:30.625" endtime="20231120 21:07:30.672"/>
</kw>
<kw name="Login Should Fail With Message">
<arg>Invalid username or password</arg>
<kw name="Login Page Should Be Open" library="resource">
<kw name="Title Should Be" library="SeleniumLibrary">
<arg>Login</arg>
<doc>Verifies that the current page title equals ``title``.</doc>
<msg timestamp="20231120 21:07:30.678" level="INFO">Page title is 'Login'.</msg>
<status status="PASS" starttime="20231120 21:07:30.673" endtime="20231120 21:07:30.678"/>
</kw>
<status status="PASS" starttime="20231120 21:07:30.673" endtime="20231120 21:07:30.679"/>
</kw>
<kw name="Page Should Contain" library="SeleniumLibrary">
<arg>${message}</arg>
<doc>Verifies that current page contains ``text``.</doc>
<msg timestamp="20231120 21:07:30.687" level="INFO">Current page contains text 'Invalid username or password'.</msg>
<status status="PASS" starttime="20231120 21:07:30.679" endtime="20231120 21:07:30.687"/>
</kw>
<status status="PASS" starttime="20231120 21:07:30.672" endtime="20231120 21:07:30.687"/>
</kw>
<status status="PASS" starttime="20231120 21:07:30.529" endtime="20231120 21:07:30.687"/>
</test>
<kw name="Close Browser" library="SeleniumLibrary" type="TEARDOWN">
<doc>Closes the current browser.</doc>
<status status="PASS" starttime="20231120 21:07:30.688" endtime="20231120 21:07:31.602"/>
</kw>
<status status="PASS" starttime="20231120 21:07:27.525" endtime="20231120 21:07:31.603"/>
</suite>
<suite id="s1-s3" name="Register" source="/home/lassisav/palautusrepositorio/viikko3/web-login/src/tests/register.robot">
<kw name="Open And Configure Browser" library="resource" type="SETUP">
<kw name="Evaluate" library="BuiltIn">
<var>${options}</var>
<arg>sys.modules['selenium.webdriver'].FirefoxOptions()</arg>
<arg>sys</arg>
<doc>Evaluates the given expression in Python and returns the result.</doc>
<msg timestamp="20231120 21:07:31.607" level="INFO">${options} = &lt;selenium.webdriver.firefox.options.Options object at 0x7f02b8cfbe30&gt;</msg>
<status status="PASS" starttime="20231120 21:07:31.606" endtime="20231120 21:07:31.607"/>
</kw>
<kw name="Call Method" library="BuiltIn">
<arg>${options}</arg>
<arg>add_argument</arg>
<arg>--no-sandbox</arg>
<doc>Calls the named method of the given object with the provided arguments.</doc>
<status status="PASS" starttime="20231120 21:07:31.607" endtime="20231120 21:07:31.607"/>
</kw>
<kw name="Call Method" library="BuiltIn">
<arg>${options}</arg>
<arg>add_argument</arg>
<arg>--headless</arg>
<doc>Calls the named method of the given object with the provided arguments.</doc>
<status status="PASS" starttime="20231120 21:07:31.607" endtime="20231120 21:07:31.607"/>
</kw>
<kw name="Open Browser" library="SeleniumLibrary">
<arg>browser=chrome</arg>
<arg>options=${options}</arg>
<doc>Opens a new browser instance to the optional ``url``.</doc>
<msg timestamp="20231120 21:07:31.607" level="INFO">Opening browser 'chrome' to base url 'None'.</msg>
<status status="PASS" starttime="20231120 21:07:31.607" endtime="20231120 21:07:34.056"/>
</kw>
<kw name="Set Selenium Speed" library="SeleniumLibrary">
<arg>${DELAY}</arg>
<doc>Sets the delay that is waited after each Selenium command.</doc>
<status status="PASS" starttime="20231120 21:07:34.057" endtime="20231120 21:07:34.057"/>
</kw>
<status status="PASS" starttime="20231120 21:07:31.606" endtime="20231120 21:07:34.058"/>
</kw>
<test id="s1-s3-t1" name="Register With Valid Username And Password" line="9">
<kw name="Go To Register Page" library="resource" type="SETUP">
<kw name="Go To" library="SeleniumLibrary">
<arg>${REGISTER_URL}</arg>
<doc>Navigates the current browser window to the provided ``url``.</doc>
<msg timestamp="20231120 21:07:34.059" level="INFO">Opening url 'http://localhost:5001/register'</msg>
<status status="PASS" starttime="20231120 21:07:34.059" endtime="20231120 21:07:34.174"/>
</kw>
<status status="PASS" starttime="20231120 21:07:34.059" endtime="20231120 21:07:34.174"/>
</kw>
<kw name="Set Username">
<arg>esim</arg>
<kw name="Input Text" library="SeleniumLibrary">
<arg>username</arg>
<arg>${username}</arg>
<doc>Types the given ``text`` into the text field identified by ``locator``.</doc>
<msg timestamp="20231120 21:07:34.176" level="INFO">Typing text 'esim' into text field 'username'.</msg>
<status status="PASS" starttime="20231120 21:07:34.175" endtime="20231120 21:07:34.258"/>
</kw>
<status status="PASS" starttime="20231120 21:07:34.175" endtime="20231120 21:07:34.258"/>
</kw>
<kw name="Set Password">
<arg>viisi123</arg>
<kw name="Input Password" library="SeleniumLibrary">
<arg>password</arg>
<arg>${password}</arg>
<doc>Types the given password into the text field identified by ``locator``.</doc>
<msg timestamp="20231120 21:07:34.259" level="INFO">Typing password into text field 'password'.</msg>
<msg timestamp="20231120 21:07:34.269" level="INFO">Temporally setting log level to: NONE</msg>
<msg timestamp="20231120 21:07:34.280" level="INFO">Log level changed from NONE to INFO.</msg>
<status status="PASS" starttime="20231120 21:07:34.258" endtime="20231120 21:07:34.280"/>
</kw>
<status status="PASS" starttime="20231120 21:07:34.258" endtime="20231120 21:07:34.280"/>
</kw>
<kw name="Set Password Confirmation">
<arg>viisi123</arg>
<kw name="Input Password" library="SeleniumLibrary">
<arg>password_confirmation</arg>
<arg>${password_confirmation}</arg>
<doc>Types the given password into the text field identified by ``locator``.</doc>
<msg timestamp="20231120 21:07:34.281" level="INFO">Typing password into text field 'password_confirmation'.</msg>
<msg timestamp="20231120 21:07:34.290" level="INFO">Temporally setting log level to: NONE</msg>
<msg timestamp="20231120 21:07:34.299" level="INFO">Log level changed from NONE to INFO.</msg>
<status status="PASS" starttime="20231120 21:07:34.281" endtime="20231120 21:07:34.299"/>
</kw>
<status status="PASS" starttime="20231120 21:07:34.280" endtime="20231120 21:07:34.299"/>
</kw>
<kw name="Submit Credentials">
<kw name="Click Button" library="SeleniumLibrary">
<arg>Register</arg>
<doc>Clicks the button identified by ``locator``.</doc>
<msg timestamp="20231120 21:07:34.301" level="INFO">Clicking button 'Register'.</msg>
<status status="PASS" starttime="20231120 21:07:34.300" endtime="20231120 21:07:34.373"/>
</kw>
<status status="PASS" starttime="20231120 21:07:34.299" endtime="20231120 21:07:34.373"/>
</kw>
<kw name="Register Should Succeed">
<kw name="Welcome Page Should Be Open" library="resource">
<kw name="Title Should Be" library="SeleniumLibrary">
<arg>Welcome to Ohtu Application!</arg>
<doc>Verifies that the current page title equals ``title``.</doc>
<msg timestamp="20231120 21:07:34.377" level="INFO">Page title is 'Welcome to Ohtu Application!'.</msg>
<status status="PASS" starttime="20231120 21:07:34.374" endtime="20231120 21:07:34.377"/>
</kw>
<status status="PASS" starttime="20231120 21:07:34.374" endtime="20231120 21:07:34.377"/>
</kw>
<status status="PASS" starttime="20231120 21:07:34.373" endtime="20231120 21:07:34.377"/>
</kw>
<status status="PASS" starttime="20231120 21:07:34.058" endtime="20231120 21:07:34.377"/>
</test>
<test id="s1-s3-t2" name="Register With Too Short Username And Valid Password" line="16">
<kw name="Go To Register Page" library="resource" type="SETUP">
<kw name="Go To" library="SeleniumLibrary">
<arg>${REGISTER_URL}</arg>
<doc>Navigates the current browser window to the provided ``url``.</doc>
<msg timestamp="20231120 21:07:34.379" level="INFO">Opening url 'http://localhost:5001/register'</msg>
<status status="PASS" starttime="20231120 21:07:34.378" endtime="20231120 21:07:34.417"/>
</kw>
<status status="PASS" starttime="20231120 21:07:34.378" endtime="20231120 21:07:34.417"/>
</kw>
<kw name="Set Username">
<arg>es</arg>
<kw name="Input Text" library="SeleniumLibrary">
<arg>username</arg>
<arg>${username}</arg>
<doc>Types the given ``text`` into the text field identified by ``locator``.</doc>
<msg timestamp="20231120 21:07:34.419" level="INFO">Typing text 'es' into text field 'username'.</msg>
<status status="PASS" starttime="20231120 21:07:34.418" endtime="20231120 21:07:34.446"/>
</kw>
<status status="PASS" starttime="20231120 21:07:34.417" endtime="20231120 21:07:34.446"/>
</kw>
<kw name="Set Password">
<arg>viisi123</arg>
<kw name="Input Password" library="SeleniumLibrary">
<arg>password</arg>
<arg>${password}</arg>
<doc>Types the given password into the text field identified by ``locator``.</doc>
<msg timestamp="20231120 21:07:34.448" level="INFO">Typing password into text field 'password'.</msg>
<msg timestamp="20231120 21:07:34.457" level="INFO">Temporally setting log level to: NONE</msg>
<msg timestamp="20231120 21:07:34.467" level="INFO">Log level changed from NONE to INFO.</msg>
<status status="PASS" starttime="20231120 21:07:34.447" endtime="20231120 21:07:34.467"/>
</kw>
<status status="PASS" starttime="20231120 21:07:34.446" endtime="20231120 21:07:34.467"/>
</kw>
<kw name="Set Password Confirmation">
<arg>viisi123</arg>
<kw name="Input Password" library="SeleniumLibrary">
<arg>password_confirmation</arg>
<arg>${password_confirmation}</arg>
<doc>Types the given password into the text field identified by ``locator``.</doc>
<msg timestamp="20231120 21:07:34.468" level="INFO">Typing password into text field 'password_confirmation'.</msg>
<msg timestamp="20231120 21:07:34.480" level="INFO">Temporally setting log level to: NONE</msg>
<msg timestamp="20231120 21:07:34.494" level="INFO">Log level changed from NONE to INFO.</msg>
<status status="PASS" starttime="20231120 21:07:34.468" endtime="20231120 21:07:34.494"/>
</kw>
<status status="PASS" starttime="20231120 21:07:34.467" endtime="20231120 21:07:34.494"/>
</kw>
<kw name="Submit Credentials">
<kw name="Click Button" library="SeleniumLibrary">
<arg>Register</arg>
<doc>Clicks the button identified by ``locator``.</doc>
<msg timestamp="20231120 21:07:34.495" level="INFO">Clicking button 'Register'.</msg>
<status status="PASS" starttime="20231120 21:07:34.494" endtime="20231120 21:07:34.546"/>
</kw>
<status status="PASS" starttime="20231120 21:07:34.494" endtime="20231120 21:07:34.546"/>
</kw>
<kw name="Register Should Fail With Message">
<arg>Username too short</arg>
<kw name="Register Page Should Be Open" library="resource">
<kw name="Title Should Be" library="SeleniumLibrary">
<arg>Register</arg>
<doc>Verifies that the current page title equals ``title``.</doc>
<msg timestamp="20231120 21:07:34.549" level="INFO">Page title is 'Register'.</msg>
<status status="PASS" starttime="20231120 21:07:34.547" endtime="20231120 21:07:34.549"/>
</kw>
<status status="PASS" starttime="20231120 21:07:34.547" endtime="20231120 21:07:34.549"/>
</kw>
<kw name="Page Should Contain" library="SeleniumLibrary">
<arg>${message}</arg>
<doc>Verifies that current page contains ``text``.</doc>
<msg timestamp="20231120 21:07:34.559" level="INFO">Current page contains text 'Username too short'.</msg>
<status status="PASS" starttime="20231120 21:07:34.549" endtime="20231120 21:07:34.559"/>
</kw>
<status status="PASS" starttime="20231120 21:07:34.546" endtime="20231120 21:07:34.560"/>
</kw>
<status status="PASS" starttime="20231120 21:07:34.378" endtime="20231120 21:07:34.560"/>
</test>
<test id="s1-s3-t3" name="Register With Valid Username And Invalid Password" line="23">
<kw name="Go To Register Page" library="resource" type="SETUP">
<kw name="Go To" library="SeleniumLibrary">
<arg>${REGISTER_URL}</arg>
<doc>Navigates the current browser window to the provided ``url``.</doc>
<msg timestamp="20231120 21:07:34.561" level="INFO">Opening url 'http://localhost:5001/register'</msg>
<status status="PASS" starttime="20231120 21:07:34.561" endtime="20231120 21:07:34.589"/>
</kw>
<status status="PASS" starttime="20231120 21:07:34.560" endtime="20231120 21:07:34.589"/>
</kw>
<kw name="Set Username">
<arg>esim</arg>
<kw name="Input Text" library="SeleniumLibrary">
<arg>username</arg>
<arg>${username}</arg>
<doc>Types the given ``text`` into the text field identified by ``locator``.</doc>
<msg timestamp="20231120 21:07:34.591" level="INFO">Typing text 'esim' into text field 'username'.</msg>
<status status="PASS" starttime="20231120 21:07:34.590" endtime="20231120 21:07:34.614"/>
</kw>
<status status="PASS" starttime="20231120 21:07:34.589" endtime="20231120 21:07:34.614"/>
</kw>
<kw name="Set Password">
<arg>viisiisiisii</arg>
<kw name="Input Password" library="SeleniumLibrary">
<arg>password</arg>
<arg>${password}</arg>
<doc>Types the given password into the text field identified by ``locator``.</doc>
<msg timestamp="20231120 21:07:34.615" level="INFO">Typing password into text field 'password'.</msg>
<msg timestamp="20231120 21:07:34.622" level="INFO">Temporally setting log level to: NONE</msg>
<msg timestamp="20231120 21:07:34.632" level="INFO">Log level changed from NONE to INFO.</msg>
<status status="PASS" starttime="20231120 21:07:34.614" endtime="20231120 21:07:34.633"/>
</kw>
<status status="PASS" starttime="20231120 21:07:34.614" endtime="20231120 21:07:34.633"/>
</kw>
<kw name="Set Password Confirmation">
<arg>viisiisiisii</arg>
<kw name="Input Password" library="SeleniumLibrary">
<arg>password_confirmation</arg>
<arg>${password_confirmation}</arg>
<doc>Types the given password into the text field identified by ``locator``.</doc>
<msg timestamp="20231120 21:07:34.634" level="INFO">Typing password into text field 'password_confirmation'.</msg>
<msg timestamp="20231120 21:07:34.642" level="INFO">Temporally setting log level to: NONE</msg>
<msg timestamp="20231120 21:07:34.654" level="INFO">Log level changed from NONE to INFO.</msg>
<status status="PASS" starttime="20231120 21:07:34.634" endtime="20231120 21:07:34.654"/>
</kw>
<status status="PASS" starttime="20231120 21:07:34.633" endtime="20231120 21:07:34.654"/>
</kw>
<kw name="Submit Credentials">
<kw name="Click Button" library="SeleniumLibrary">
<arg>Register</arg>
<doc>Clicks the button identified by ``locator``.</doc>
<msg timestamp="20231120 21:07:34.655" level="INFO">Clicking button 'Register'.</msg>
<status status="PASS" starttime="20231120 21:07:34.655" endtime="20231120 21:07:34.706"/>
</kw>
<status status="PASS" starttime="20231120 21:07:34.654" endtime="20231120 21:07:34.706"/>
</kw>
<kw name="Register Should Fail With Message">
<arg>Invalid password</arg>
<kw name="Register Page Should Be Open" library="resource">
<kw name="Title Should Be" library="SeleniumLibrary">
<arg>Register</arg>
<doc>Verifies that the current page title equals ``title``.</doc>
<msg timestamp="20231120 21:07:34.709" level="INFO">Page title is 'Register'.</msg>
<status status="PASS" starttime="20231120 21:07:34.707" endtime="20231120 21:07:34.709"/>
</kw>
<status status="PASS" starttime="20231120 21:07:34.707" endtime="20231120 21:07:34.709"/>
</kw>
<kw name="Page Should Contain" library="SeleniumLibrary">
<arg>${message}</arg>
<doc>Verifies that current page contains ``text``.</doc>
<msg timestamp="20231120 21:07:34.716" level="INFO">Current page contains text 'Invalid password'.</msg>
<status status="PASS" starttime="20231120 21:07:34.710" endtime="20231120 21:07:34.716"/>
</kw>
<status status="PASS" starttime="20231120 21:07:34.706" endtime="20231120 21:07:34.716"/>
</kw>
<status status="PASS" starttime="20231120 21:07:34.560" endtime="20231120 21:07:34.716"/>
</test>
<test id="s1-s3-t4" name="Register With Nonmatching Password And Password Confirmation" line="30">
<kw name="Go To Register Page" library="resource" type="SETUP">
<kw name="Go To" library="SeleniumLibrary">
<arg>${REGISTER_URL}</arg>
<doc>Navigates the current browser window to the provided ``url``.</doc>
<msg timestamp="20231120 21:07:34.718" level="INFO">Opening url 'http://localhost:5001/register'</msg>
<status status="PASS" starttime="20231120 21:07:34.717" endtime="20231120 21:07:34.743"/>
</kw>
<status status="PASS" starttime="20231120 21:07:34.717" endtime="20231120 21:07:34.743"/>
</kw>
<kw name="Set Username">
<arg>esim</arg>
<kw name="Input Text" library="SeleniumLibrary">
<arg>username</arg>
<arg>${username}</arg>
<doc>Types the given ``text`` into the text field identified by ``locator``.</doc>
<msg timestamp="20231120 21:07:34.745" level="INFO">Typing text 'esim' into text field 'username'.</msg>
<status status="PASS" starttime="20231120 21:07:34.744" endtime="20231120 21:07:34.780"/>
</kw>
<status status="PASS" starttime="20231120 21:07:34.743" endtime="20231120 21:07:34.780"/>
</kw>
<kw name="Set Password">
<arg>kuusi666</arg>
<kw name="Input Password" library="SeleniumLibrary">
<arg>password</arg>
<arg>${password}</arg>
<doc>Types the given password into the text field identified by ``locator``.</doc>
<msg timestamp="20231120 21:07:34.782" level="INFO">Typing password into text field 'password'.</msg>
<msg timestamp="20231120 21:07:34.789" level="INFO">Temporally setting log level to: NONE</msg>
<msg timestamp="20231120 21:07:34.798" level="INFO">Log level changed from NONE to INFO.</msg>
<status status="PASS" starttime="20231120 21:07:34.781" endtime="20231120 21:07:34.798"/>
</kw>
<status status="PASS" starttime="20231120 21:07:34.781" endtime="20231120 21:07:34.798"/>
</kw>
<kw name="Set Password Confirmation">
<arg>viisi555</arg>
<kw name="Input Password" library="SeleniumLibrary">
<arg>password_confirmation</arg>
<arg>${password_confirmation}</arg>
<doc>Types the given password into the text field identified by ``locator``.</doc>
<msg timestamp="20231120 21:07:34.799" level="INFO">Typing password into text field 'password_confirmation'.</msg>
<msg timestamp="20231120 21:07:34.806" level="INFO">Temporally setting log level to: NONE</msg>
<msg timestamp="20231120 21:07:34.815" level="INFO">Log level changed from NONE to INFO.</msg>
<status status="PASS" starttime="20231120 21:07:34.799" endtime="20231120 21:07:34.815"/>
</kw>
<status status="PASS" starttime="20231120 21:07:34.798" endtime="20231120 21:07:34.816"/>
</kw>
<kw name="Submit Credentials">
<kw name="Click Button" library="SeleniumLibrary">
<arg>Register</arg>
<doc>Clicks the button identified by ``locator``.</doc>
<msg timestamp="20231120 21:07:34.817" level="INFO">Clicking button 'Register'.</msg>
<status status="PASS" starttime="20231120 21:07:34.816" endtime="20231120 21:07:34.871"/>
</kw>
<status status="PASS" starttime="20231120 21:07:34.816" endtime="20231120 21:07:34.871"/>
</kw>
<kw name="Register Should Fail With Message">
<arg>Password not matching</arg>
<kw name="Register Page Should Be Open" library="resource">
<kw name="Title Should Be" library="SeleniumLibrary">
<arg>Register</arg>
<doc>Verifies that the current page title equals ``title``.</doc>
<msg timestamp="20231120 21:07:34.873" level="INFO">Page title is 'Register'.</msg>
<status status="PASS" starttime="20231120 21:07:34.872" endtime="20231120 21:07:34.874"/>
</kw>
<status status="PASS" starttime="20231120 21:07:34.871" endtime="20231120 21:07:34.874"/>
</kw>
<kw name="Page Should Contain" library="SeleniumLibrary">
<arg>${message}</arg>
<doc>Verifies that current page contains ``text``.</doc>
<msg timestamp="20231120 21:07:34.880" level="INFO">Current page contains text 'Password not matching'.</msg>
<status status="PASS" starttime="20231120 21:07:34.874" endtime="20231120 21:07:34.880"/>
</kw>
<status status="PASS" starttime="20231120 21:07:34.871" endtime="20231120 21:07:34.880"/>
</kw>
<status status="PASS" starttime="20231120 21:07:34.716" endtime="20231120 21:07:34.880"/>
</test>
<kw name="Close Browser" library="SeleniumLibrary" type="TEARDOWN">
<doc>Closes the current browser.</doc>
<status status="PASS" starttime="20231120 21:07:34.881" endtime="20231120 21:07:35.687"/>
</kw>
<status status="PASS" starttime="20231120 21:07:31.603" endtime="20231120 21:07:35.687"/>
</suite>
<status status="PASS" starttime="20231120 21:07:21.073" endtime="20231120 21:07:35.688"/>
</suite>
<statistics>
<total>
<stat pass="9" fail="0" skip="0">All Tests</stat>
</total>
<tag>
</tag>
<suite>
<stat pass="9" fail="0" skip="0" id="s1" name="Tests">Tests</stat>
<stat pass="2" fail="0" skip="0" id="s1-s1" name="Home">Tests.Home</stat>
<stat pass="3" fail="0" skip="0" id="s1-s2" name="Login">Tests.Login</stat>
<stat pass="4" fail="0" skip="0" id="s1-s3" name="Register">Tests.Register</stat>
</suite>
</statistics>
<errors>
</errors>
</robot>
