<?xml version="1.0" encoding="UTF-8"?>
<robot generator="Robot 6.1.1 (Python 3.12.0 on linux)" generated="20231120 19:44:51.787" rpa="false" schemaversion="4">
<suite id="s1" name="Tests" source="/home/lassisav/palautusrepositorio/viikko3/web-login/src/tests">
<suite id="s1-s1" name="Home" source="/home/lassisav/palautusrepositorio/viikko3/web-login/src/tests/home.robot">
<kw name="Open And Configure Browser" library="resource" type="SETUP">
<kw name="Evaluate" library="BuiltIn">
<var>${options}</var>
<arg>sys.modules['selenium.webdriver'].FirefoxOptions()</arg>
<arg>sys</arg>
<doc>Evaluates the given expression in Python and returns the result.</doc>
<msg timestamp="20231120 19:44:52.062" level="INFO">${options} = &lt;selenium.webdriver.firefox.options.Options object at 0x7fd9ad968200&gt;</msg>
<status status="PASS" starttime="20231120 19:44:52.062" endtime="20231120 19:44:52.062"/>
</kw>
<kw name="Call Method" library="BuiltIn">
<arg>${options}</arg>
<arg>add_argument</arg>
<arg>--no-sandbox</arg>
<doc>Calls the named method of the given object with the provided arguments.</doc>
<status status="PASS" starttime="20231120 19:44:52.063" endtime="20231120 19:44:52.063"/>
</kw>
<kw name="Open Browser" library="SeleniumLibrary">
<arg>browser=chrome</arg>
<arg>options=${options}</arg>
<doc>Opens a new browser instance to the optional ``url``.</doc>
<msg timestamp="20231120 19:44:52.063" level="INFO">Opening browser 'chrome' to base url 'None'.</msg>
<status status="PASS" starttime="20231120 19:44:52.063" endtime="20231120 19:44:56.992"/>
</kw>
<kw name="Set Selenium Speed" library="SeleniumLibrary">
<arg>${DELAY}</arg>
<doc>Sets the delay that is waited after each Selenium command.</doc>
<status status="PASS" starttime="20231120 19:44:56.992" endtime="20231120 19:44:56.993"/>
</kw>
<status status="PASS" starttime="20231120 19:44:52.062" endtime="20231120 19:44:56.993"/>
</kw>
<test id="s1-s1-t1" name="Click Login Link" line="8">
<kw name="Go To Starting Page" library="resource" type="SETUP">
<kw name="Go To" library="SeleniumLibrary">
<arg>${HOME_URL}</arg>
<doc>Navigates the current browser window to the provided ``url``.</doc>
<msg timestamp="20231120 19:44:56.994" level="INFO">Opening url 'http://localhost:5001'</msg>
<status status="PASS" starttime="20231120 19:44:56.994" endtime="20231120 19:44:57.591"/>
</kw>
<status status="PASS" starttime="20231120 19:44:56.994" endtime="20231120 19:44:57.591"/>
</kw>
<kw name="Click Link" library="SeleniumLibrary">
<arg>Login</arg>
<doc>Clicks a link identified by ``locator``.</doc>
<msg timestamp="20231120 19:44:57.592" level="INFO">Clicking link 'Login'.</msg>
<status status="PASS" starttime="20231120 19:44:57.591" endtime="20231120 19:44:59.180"/>
</kw>
<kw name="Login Page Should Be Open" library="resource">
<kw name="Title Should Be" library="SeleniumLibrary">
<arg>Login</arg>
<doc>Verifies that the current page title equals ``title``.</doc>
<msg timestamp="20231120 19:44:59.682" level="INFO">Page title is 'Login'.</msg>
<status status="PASS" starttime="20231120 19:44:59.180" endtime="20231120 19:44:59.682"/>
</kw>
<status status="PASS" starttime="20231120 19:44:59.180" endtime="20231120 19:44:59.682"/>
</kw>
<status status="PASS" starttime="20231120 19:44:56.993" endtime="20231120 19:44:59.682"/>
</test>
<test id="s1-s1-t2" name="Click Register Link" line="12">
<kw name="Go To Starting Page" library="resource" type="SETUP">
<kw name="Go To" library="SeleniumLibrary">
<arg>${HOME_URL}</arg>
<doc>Navigates the current browser window to the provided ``url``.</doc>
<msg timestamp="20231120 19:44:59.683" level="INFO">Opening url 'http://localhost:5001'</msg>
<status status="PASS" starttime="20231120 19:44:59.683" endtime="20231120 19:45:00.217"/>
</kw>
<status status="PASS" starttime="20231120 19:44:59.683" endtime="20231120 19:45:00.218"/>
</kw>
<kw name="Click Link" library="SeleniumLibrary">
<arg>Register new user</arg>
<doc>Clicks a link identified by ``locator``.</doc>
<msg timestamp="20231120 19:45:00.218" level="INFO">Clicking link 'Register new user'.</msg>
<status status="PASS" starttime="20231120 19:45:00.218" endtime="20231120 19:45:01.763"/>
</kw>
<kw name="Register Page Should Be Open" library="resource">
<kw name="Title Should Be" library="SeleniumLibrary">
<arg>Register</arg>
<doc>Verifies that the current page title equals ``title``.</doc>
<msg timestamp="20231120 19:45:02.265" level="INFO">Page title is 'Register'.</msg>
<status status="PASS" starttime="20231120 19:45:01.763" endtime="20231120 19:45:02.266"/>
</kw>
<status status="PASS" starttime="20231120 19:45:01.763" endtime="20231120 19:45:02.266"/>
</kw>
<status status="PASS" starttime="20231120 19:44:59.683" endtime="20231120 19:45:02.266"/>
</test>
<kw name="Close Browser" library="SeleniumLibrary" type="TEARDOWN">
<doc>Closes the current browser.</doc>
<status status="PASS" starttime="20231120 19:45:02.266" endtime="20231120 19:45:03.360"/>
</kw>
<status status="PASS" starttime="20231120 19:44:51.806" endtime="20231120 19:45:03.360"/>
</suite>
<suite id="s1-s2" name="Login" source="/home/lassisav/palautusrepositorio/viikko3/web-login/src/tests/login.robot">
<kw name="Open And Configure Browser" library="resource" type="SETUP">
<kw name="Evaluate" library="BuiltIn">
<var>${options}</var>
<arg>sys.modules['selenium.webdriver'].FirefoxOptions()</arg>
<arg>sys</arg>
<doc>Evaluates the given expression in Python and returns the result.</doc>
<msg timestamp="20231120 19:45:03.365" level="INFO">${options} = &lt;selenium.webdriver.firefox.options.Options object at 0x7fd9ad96a9f0&gt;</msg>
<status status="PASS" starttime="20231120 19:45:03.364" endtime="20231120 19:45:03.365"/>
</kw>
<kw name="Call Method" library="BuiltIn">
<arg>${options}</arg>
<arg>add_argument</arg>
<arg>--no-sandbox</arg>
<doc>Calls the named method of the given object with the provided arguments.</doc>
<status status="PASS" starttime="20231120 19:45:03.365" endtime="20231120 19:45:03.365"/>
</kw>
<kw name="Open Browser" library="SeleniumLibrary">
<arg>browser=chrome</arg>
<arg>options=${options}</arg>
<doc>Opens a new browser instance to the optional ``url``.</doc>
<msg timestamp="20231120 19:45:03.365" level="INFO">Opening browser 'chrome' to base url 'None'.</msg>
<status status="PASS" starttime="20231120 19:45:03.365" endtime="20231120 19:45:06.517"/>
</kw>
<kw name="Set Selenium Speed" library="SeleniumLibrary">
<arg>${DELAY}</arg>
<doc>Sets the delay that is waited after each Selenium command.</doc>
<status status="PASS" starttime="20231120 19:45:06.518" endtime="20231120 19:45:06.518"/>
</kw>
<status status="PASS" starttime="20231120 19:45:03.364" endtime="20231120 19:45:06.518"/>
</kw>
<test id="s1-s2-t1" name="Login With Correct Credentials" line="8">
<kw name="Create User And Go To Login Page" type="SETUP">
<kw name="Create User" library="AppLibrary">
<arg>kalle</arg>
<arg>kalle123</arg>
<status status="PASS" starttime="20231120 19:45:06.520" endtime="20231120 19:45:06.530"/>
</kw>
<kw name="Go To Login Page" library="resource">
<kw name="Go To" library="SeleniumLibrary">
<arg>${LOGIN_URL}</arg>
<doc>Navigates the current browser window to the provided ``url``.</doc>
<msg timestamp="20231120 19:45:06.531" level="INFO">Opening url 'http://localhost:5001/login'</msg>
<status status="PASS" starttime="20231120 19:45:06.531" endtime="20231120 19:45:07.145"/>
</kw>
<status status="PASS" starttime="20231120 19:45:06.531" endtime="20231120 19:45:07.145"/>
</kw>
<kw name="Login Page Should Be Open" library="resource">
<kw name="Title Should Be" library="SeleniumLibrary">
<arg>Login</arg>
<doc>Verifies that the current page title equals ``title``.</doc>
<msg timestamp="20231120 19:45:07.647" level="INFO">Page title is 'Login'.</msg>
<status status="PASS" starttime="20231120 19:45:07.145" endtime="20231120 19:45:07.647"/>
</kw>
<status status="PASS" starttime="20231120 19:45:07.145" endtime="20231120 19:45:07.648"/>
</kw>
<status status="PASS" starttime="20231120 19:45:06.519" endtime="20231120 19:45:07.648"/>
</kw>
<kw name="Set Username">
<arg>kalle</arg>
<kw name="Input Text" library="SeleniumLibrary">
<arg>username</arg>
<arg>${username}</arg>
<doc>Types the given ``text`` into the text field identified by ``locator``.</doc>
<msg timestamp="20231120 19:45:07.649" level="INFO">Typing text 'kalle' into text field 'username'.</msg>
<status status="PASS" starttime="20231120 19:45:07.648" endtime="20231120 19:45:09.187"/>
</kw>
<status status="PASS" starttime="20231120 19:45:07.648" endtime="20231120 19:45:09.187"/>
</kw>
<kw name="Set Password">
<arg>kalle123</arg>
<kw name="Input Password" library="SeleniumLibrary">
<arg>password</arg>
<arg>${password}</arg>
<doc>Types the given password into the text field identified by ``locator``.</doc>
<msg timestamp="20231120 19:45:09.188" level="INFO">Typing password into text field 'password'.</msg>
<msg timestamp="20231120 19:45:10.194" level="INFO">Temporally setting log level to: NONE</msg>
<msg timestamp="20231120 19:45:10.702" level="INFO">Log level changed from NONE to INFO.</msg>
<status status="PASS" starttime="20231120 19:45:09.187" endtime="20231120 19:45:10.702"/>
</kw>
<status status="PASS" starttime="20231120 19:45:09.187" endtime="20231120 19:45:10.702"/>
</kw>
<kw name="Submit Credentials">
<kw name="Click Button" library="SeleniumLibrary">
<arg>Login</arg>
<doc>Clicks the button identified by ``locator``.</doc>
<msg timestamp="20231120 19:45:10.702" level="INFO">Clicking button 'Login'.</msg>
<status status="PASS" starttime="20231120 19:45:10.702" endtime="20231120 19:45:12.750"/>
</kw>
<status status="PASS" starttime="20231120 19:45:10.702" endtime="20231120 19:45:12.750"/>
</kw>
<kw name="Login Should Succeed">
<kw name="Main Page Should Be Open" library="resource">
<kw name="Title Should Be" library="SeleniumLibrary">
<arg>Ohtu Application main page</arg>
<doc>Verifies that the current page title equals ``title``.</doc>
<msg timestamp="20231120 19:45:13.253" level="INFO">Page title is 'Ohtu Application main page'.</msg>
<status status="PASS" starttime="20231120 19:45:12.751" endtime="20231120 19:45:13.253"/>
</kw>
<status status="PASS" starttime="20231120 19:45:12.751" endtime="20231120 19:45:13.253"/>
</kw>
<status status="PASS" starttime="20231120 19:45:12.750" endtime="20231120 19:45:13.253"/>
</kw>
<status status="PASS" starttime="20231120 19:45:06.519" endtime="20231120 19:45:13.253"/>
</test>
<test id="s1-s2-t2" name="Login With Incorrect Password" line="14">
<kw name="Create User And Go To Login Page" type="SETUP">
<kw name="Create User" library="AppLibrary">
<arg>kalle</arg>
<arg>kalle123</arg>
<status status="PASS" starttime="20231120 19:45:13.254" endtime="20231120 19:45:13.260"/>
</kw>
<kw name="Go To Login Page" library="resource">
<kw name="Go To" library="SeleniumLibrary">
<arg>${LOGIN_URL}</arg>
<doc>Navigates the current browser window to the provided ``url``.</doc>
<msg timestamp="20231120 19:45:13.260" level="INFO">Opening url 'http://localhost:5001/login'</msg>
<status status="PASS" starttime="20231120 19:45:13.260" endtime="20231120 19:45:13.800"/>
</kw>
<status status="PASS" starttime="20231120 19:45:13.260" endtime="20231120 19:45:13.800"/>
</kw>
<kw name="Login Page Should Be Open" library="resource">
<kw name="Title Should Be" library="SeleniumLibrary">
<arg>Login</arg>
<doc>Verifies that the current page title equals ``title``.</doc>
<msg timestamp="20231120 19:45:14.302" level="INFO">Page title is 'Login'.</msg>
<status status="PASS" starttime="20231120 19:45:13.800" endtime="20231120 19:45:14.302"/>
</kw>
<status status="PASS" starttime="20231120 19:45:13.800" endtime="20231120 19:45:14.302"/>
</kw>
<status status="PASS" starttime="20231120 19:45:13.254" endtime="20231120 19:45:14.302"/>
</kw>
<kw name="Set Username">
<arg>kalle</arg>
<kw name="Input Text" library="SeleniumLibrary">
<arg>username</arg>
<arg>${username}</arg>
<doc>Types the given ``text`` into the text field identified by ``locator``.</doc>
<msg timestamp="20231120 19:45:14.303" level="INFO">Typing text 'kalle' into text field 'username'.</msg>
<status status="PASS" starttime="20231120 19:45:14.303" endtime="20231120 19:45:15.822"/>
</kw>
<status status="PASS" starttime="20231120 19:45:14.302" endtime="20231120 19:45:15.822"/>
</kw>
<kw name="Set Password">
<arg>kalle456</arg>
<kw name="Input Password" library="SeleniumLibrary">
<arg>password</arg>
<arg>${password}</arg>
<doc>Types the given password into the text field identified by ``locator``.</doc>
<msg timestamp="20231120 19:45:15.823" level="INFO">Typing password into text field 'password'.</msg>
<msg timestamp="20231120 19:45:16.830" level="INFO">Temporally setting log level to: NONE</msg>
<msg timestamp="20231120 19:45:17.339" level="INFO">Log level changed from NONE to INFO.</msg>
<status status="PASS" starttime="20231120 19:45:15.823" endtime="20231120 19:45:17.339"/>
</kw>
<status status="PASS" starttime="20231120 19:45:15.823" endtime="20231120 19:45:17.340"/>
</kw>
<kw name="Submit Credentials">
<kw name="Click Button" library="SeleniumLibrary">
<arg>Login</arg>
<doc>Clicks the button identified by ``locator``.</doc>
<msg timestamp="20231120 19:45:17.340" level="INFO">Clicking button 'Login'.</msg>
<status status="PASS" starttime="20231120 19:45:17.340" endtime="20231120 19:45:19.389"/>
</kw>
<status status="PASS" starttime="20231120 19:45:17.340" endtime="20231120 19:45:19.389"/>
</kw>
<kw name="Login Should Fail With Message">
<arg>Invalid username or password</arg>
<kw name="Login Page Should Be Open" library="resource">
<kw name="Title Should Be" library="SeleniumLibrary">
<arg>Login</arg>
<doc>Verifies that the current page title equals ``title``.</doc>
<msg timestamp="20231120 19:45:19.892" level="INFO">Page title is 'Login'.</msg>
<status status="PASS" starttime="20231120 19:45:19.390" endtime="20231120 19:45:19.892"/>
</kw>
<status status="PASS" starttime="20231120 19:45:19.390" endtime="20231120 19:45:19.892"/>
</kw>
<kw name="Page Should Contain" library="SeleniumLibrary">
<arg>${message}</arg>
<doc>Verifies that current page contains ``text``.</doc>
<msg timestamp="20231120 19:45:20.898" level="INFO">Current page contains text 'Invalid username or password'.</msg>
<status status="PASS" starttime="20231120 19:45:19.892" endtime="20231120 19:45:20.898"/>
</kw>
<status status="PASS" starttime="20231120 19:45:19.389" endtime="20231120 19:45:20.899"/>
</kw>
<status status="PASS" starttime="20231120 19:45:13.253" endtime="20231120 19:45:20.899"/>
</test>
<kw name="Close Browser" library="SeleniumLibrary" type="TEARDOWN">
<doc>Closes the current browser.</doc>
<status status="PASS" starttime="20231120 19:45:20.899" endtime="20231120 19:45:21.888"/>
</kw>
<status status="PASS" starttime="20231120 19:45:03.361" endtime="20231120 19:45:21.888"/>
</suite>
<status status="PASS" starttime="20231120 19:44:51.788" endtime="20231120 19:45:21.889"/>
</suite>
<statistics>
<total>
<stat pass="4" fail="0" skip="0">All Tests</stat>
</total>
<tag>
</tag>
<suite>
<stat pass="4" fail="0" skip="0" id="s1" name="Tests">Tests</stat>
<stat pass="2" fail="0" skip="0" id="s1-s1" name="Home">Tests.Home</stat>
<stat pass="2" fail="0" skip="0" id="s1-s2" name="Login">Tests.Login</stat>
</suite>
</statistics>
<errors>
</errors>
</robot>
